Start testing: Jun 02 10:58 PDT
----------------------------------------------------------
1/1 Testing: test_Basic
1/1 Test: test_Basic
Command: "/Users/apollojain/Documents/projects/tictactoe_cpp/build/test_Basic"
Directory: /Users/apollojain/Documents/projects/tictactoe_cpp/build
"test_Basic" start time: Jun 02 10:58 PDT
Output:
----------------------------------------------------------
[doctest] doctest version is "1.2.9"
[doctest] run with "--help" for options
===============================================================================
[doctest] test cases:      1 |      1 passed |      0 failed |      0 skipped
[doctest] assertions:      1 |      1 passed |      0 failed |
[doctest] Status: SUCCESS!
<end of output>
Test time =   0.00 sec
----------------------------------------------------------
Test Passed.
"test_Basic" end time: Jun 02 10:58 PDT
"test_Basic" time elapsed: 00:00:00
----------------------------------------------------------

End testing: Jun 02 10:58 PDT
